<?xml version="1.0" encoding="UTF-8"?>
<coverage generated="1674617962616" clover="3.2.0">
  <project timestamp="1674617962616" name="All files">
    <metrics statements="52" coveredstatements="46" conditionals="12" coveredconditionals="10" methods="36" coveredmethods="26" elements="100" coveredelements="82" complexity="0" loc="52" ncloc="52" packages="1" files="2" classes="2"/>
    <file name="todo.js" path="/home/nug/js_130/todo_List/todo.js">
      <metrics statements="11" coveredstatements="10" conditionals="2" coveredconditionals="2" methods="6" coveredmethods="5"/>
      <line num="6" count="1" type="stmt"/>
      <line num="7" count="1" type="stmt"/>
      <line num="10" count="54" type="stmt"/>
      <line num="11" count="54" type="stmt"/>
      <line num="15" count="14" type="cond" truecount="2" falsecount="0"/>
      <line num="16" count="14" type="stmt"/>
      <line num="20" count="14" type="stmt"/>
      <line num="24" count="1" type="stmt"/>
      <line num="28" count="27" type="stmt"/>
      <line num="32" count="0" type="stmt"/>
      <line num="36" count="1" type="stmt"/>
    </file>
    <file name="todolist.js" path="/home/nug/js_130/todo_List/todolist.js">
      <metrics statements="41" coveredstatements="36" conditionals="10" coveredconditionals="8" methods="30" coveredmethods="21"/>
      <line num="1" count="1" type="stmt"/>
      <line num="5" count="21" type="stmt"/>
      <line num="6" count="21" type="stmt"/>
      <line num="10" count="3" type="stmt"/>
      <line num="11" count="9" type="stmt"/>
      <line num="16" count="1" type="stmt"/>
      <line num="18" count="1" type="stmt"/>
      <line num="19" count="3" type="stmt"/>
      <line num="20" count="3" type="cond" truecount="2" falsecount="0"/>
      <line num="22" count="1" type="stmt"/>
      <line num="26" count="0" type="stmt"/>
      <line num="30" count="0" type="stmt"/>
      <line num="34" count="0" type="stmt"/>
      <line num="38" count="6" type="stmt"/>
      <line num="39" count="14" type="stmt"/>
      <line num="40" count="6" type="stmt"/>
      <line num="44" count="59" type="cond" truecount="2" falsecount="0"/>
      <line num="45" count="3" type="stmt"/>
      <line num="48" count="56" type="stmt"/>
      <line num="52" count="2" type="stmt"/>
      <line num="53" count="1" type="stmt"/>
      <line num="57" count="4" type="stmt"/>
      <line num="61" count="1" type="cond" truecount="1" falsecount="1"/>
      <line num="65" count="1" type="cond" truecount="1" falsecount="1"/>
      <line num="69" count="13" type="stmt"/>
      <line num="70" count="13" type="stmt"/>
      <line num="71" count="10" type="stmt"/>
      <line num="75" count="8" type="stmt"/>
      <line num="76" count="7" type="stmt"/>
      <line num="80" count="2" type="stmt"/>
      <line num="81" count="1" type="stmt"/>
      <line num="85" count="0" type="stmt"/>
      <line num="89" count="6" type="stmt"/>
      <line num="93" count="0" type="stmt"/>
      <line num="97" count="1" type="stmt"/>
      <line num="101" count="4" type="stmt"/>
      <line num="105" count="1" type="stmt"/>
      <line num="109" count="1" type="stmt"/>
      <line num="113" count="15" type="cond" truecount="2" falsecount="0"/>
      <line num="114" count="4" type="stmt"/>
      <line num="119" count="1" type="stmt"/>
    </file>
  </project>
</coverage>
