{"/home/nug/js_130/todo_List/todo.js": {"path":"/home/nug/js_130/todo_List/todo.js","statementMap":{"0":{"start":{"line":6,"column":23},"end":{"line":6,"column":26}},"1":{"start":{"line":7,"column":25},"end":{"line":7,"column":28}},"2":{"start":{"line":10,"column":4},"end":{"line":10,"column":23}},"3":{"start":{"line":11,"column":4},"end":{"line":11,"column":22}},"4":{"start":{"line":15,"column":17},"end":{"line":15,"column":70}},"5":{"start":{"line":16,"column":4},"end":{"line":16,"column":39}},"6":{"start":{"line":20,"column":4},"end":{"line":20,"column":21}},"7":{"start":{"line":24,"column":4},"end":{"line":24,"column":22}},"8":{"start":{"line":28,"column":4},"end":{"line":28,"column":21}},"9":{"start":{"line":32,"column":4},"end":{"line":32,"column":22}},"10":{"start":{"line":36,"column":0},"end":{"line":36,"column":22}}},"fnMap":{"0":{"name":"(anonymous_0)","decl":{"start":{"line":9,"column":2},"end":{"line":9,"column":3}},"loc":{"start":{"line":9,"column":21},"end":{"line":12,"column":3}},"line":9},"1":{"name":"(anonymous_1)","decl":{"start":{"line":14,"column":2},"end":{"line":14,"column":3}},"loc":{"start":{"line":14,"column":13},"end":{"line":17,"column":3}},"line":14},"2":{"name":"(anonymous_2)","decl":{"start":{"line":19,"column":2},"end":{"line":19,"column":3}},"loc":{"start":{"line":19,"column":13},"end":{"line":21,"column":3}},"line":19},"3":{"name":"(anonymous_3)","decl":{"start":{"line":23,"column":2},"end":{"line":23,"column":3}},"loc":{"start":{"line":23,"column":15},"end":{"line":25,"column":3}},"line":23},"4":{"name":"(anonymous_4)","decl":{"start":{"line":27,"column":2},"end":{"line":27,"column":3}},"loc":{"start":{"line":27,"column":11},"end":{"line":29,"column":3}},"line":27},"5":{"name":"(anonymous_5)","decl":{"start":{"line":31,"column":2},"end":{"line":31,"column":3}},"loc":{"start":{"line":31,"column":13},"end":{"line":33,"column":3}},"line":31}},"branchMap":{"0":{"loc":{"start":{"line":15,"column":17},"end":{"line":15,"column":70}},"type":"cond-expr","locations":[{"start":{"line":15,"column":33},"end":{"line":15,"column":49}},{"start":{"line":15,"column":52},"end":{"line":15,"column":70}}],"line":15}},"s":{"0":1,"1":1,"2":54,"3":54,"4":14,"5":14,"6":14,"7":1,"8":27,"9":0,"10":1},"f":{"0":54,"1":14,"2":14,"3":1,"4":27,"5":0},"b":{"0":[7,7]},"_coverageSchema":"1a1c01bbd47fc00a2c39e90264f33305004495a9","hash":"4172d103cda15535b2fcd02661fa07d8c5811446"}
,"/home/nug/js_130/todo_List/todolist.js": {"path":"/home/nug/js_130/todo_List/todolist.js","statementMap":{"0":{"start":{"line":1,"column":13},"end":{"line":1,"column":30}},"1":{"start":{"line":5,"column":4},"end":{"line":5,"column":23}},"2":{"start":{"line":6,"column":4},"end":{"line":6,"column":20}},"3":{"start":{"line":10,"column":4},"end":{"line":12,"column":5}},"4":{"start":{"line":10,"column":19},"end":{"line":10,"column":20}},"5":{"start":{"line":11,"column":6},"end":{"line":11,"column":37}},"6":{"start":{"line":16,"column":19},"end":{"line":16,"column":43}},"7":{"start":{"line":18,"column":4},"end":{"line":21,"column":5}},"8":{"start":{"line":18,"column":19},"end":{"line":18,"column":20}},"9":{"start":{"line":19,"column":17},"end":{"line":19,"column":32}},"10":{"start":{"line":20,"column":6},"end":{"line":20,"column":50}},"11":{"start":{"line":20,"column":31},"end":{"line":20,"column":50}},"12":{"start":{"line":22,"column":4},"end":{"line":22,"column":20}},"13":{"start":{"line":26,"column":4},"end":{"line":26,"column":61}},"14":{"start":{"line":26,"column":31},"end":{"line":26,"column":51}},"15":{"start":{"line":30,"column":4},"end":{"line":30,"column":46}},"16":{"start":{"line":30,"column":31},"end":{"line":30,"column":44}},"17":{"start":{"line":34,"column":4},"end":{"line":34,"column":47}},"18":{"start":{"line":34,"column":31},"end":{"line":34,"column":45}},"19":{"start":{"line":38,"column":16},"end":{"line":38,"column":41}},"20":{"start":{"line":39,"column":16},"end":{"line":39,"column":66}},"21":{"start":{"line":39,"column":39},"end":{"line":39,"column":54}},"22":{"start":{"line":40,"column":4},"end":{"line":40,"column":31}},"23":{"start":{"line":44,"column":4},"end":{"line":46,"column":5}},"24":{"start":{"line":45,"column":6},"end":{"line":45,"column":55}},"25":{"start":{"line":48,"column":4},"end":{"line":48,"column":26}},"26":{"start":{"line":52,"column":4},"end":{"line":52,"column":29}},"27":{"start":{"line":53,"column":4},"end":{"line":53,"column":37}},"28":{"start":{"line":57,"column":4},"end":{"line":57,"column":29}},"29":{"start":{"line":61,"column":4},"end":{"line":61,"column":55}},"30":{"start":{"line":65,"column":4},"end":{"line":65,"column":68}},"31":{"start":{"line":69,"column":16},"end":{"line":69,"column":31}},"32":{"start":{"line":70,"column":4},"end":{"line":70,"column":29}},"33":{"start":{"line":71,"column":4},"end":{"line":71,"column":17}},"34":{"start":{"line":75,"column":15},"end":{"line":75,"column":31}},"35":{"start":{"line":76,"column":4},"end":{"line":76,"column":20}},"36":{"start":{"line":80,"column":15},"end":{"line":80,"column":31}},"37":{"start":{"line":81,"column":4},"end":{"line":81,"column":22}},"38":{"start":{"line":85,"column":4},"end":{"line":85,"column":44}},"39":{"start":{"line":89,"column":4},"end":{"line":89,"column":42}},"40":{"start":{"line":89,"column":25},"end":{"line":89,"column":40}},"41":{"start":{"line":93,"column":4},"end":{"line":93,"column":43}},"42":{"start":{"line":93,"column":25},"end":{"line":93,"column":41}},"43":{"start":{"line":97,"column":4},"end":{"line":97,"column":51}},"44":{"start":{"line":97,"column":36},"end":{"line":97,"column":49}},"45":{"start":{"line":101,"column":4},"end":{"line":101,"column":30}},"46":{"start":{"line":105,"column":4},"end":{"line":105,"column":30}},"47":{"start":{"line":109,"column":4},"end":{"line":109,"column":28}},"48":{"start":{"line":113,"column":4},"end":{"line":115,"column":5}},"49":{"start":{"line":114,"column":6},"end":{"line":114,"column":56}},"50":{"start":{"line":119,"column":0},"end":{"line":119,"column":26}}},"fnMap":{"0":{"name":"(anonymous_0)","decl":{"start":{"line":4,"column":2},"end":{"line":4,"column":3}},"loc":{"start":{"line":4,"column":21},"end":{"line":7,"column":3}},"line":4},"1":{"name":"(anonymous_1)","decl":{"start":{"line":9,"column":2},"end":{"line":9,"column":3}},"loc":{"start":{"line":9,"column":20},"end":{"line":13,"column":3}},"line":9},"2":{"name":"(anonymous_2)","decl":{"start":{"line":15,"column":2},"end":{"line":15,"column":3}},"loc":{"start":{"line":15,"column":19},"end":{"line":23,"column":3}},"line":15},"3":{"name":"(anonymous_3)","decl":{"start":{"line":25,"column":2},"end":{"line":25,"column":3}},"loc":{"start":{"line":25,"column":21},"end":{"line":27,"column":3}},"line":25},"4":{"name":"(anonymous_4)","decl":{"start":{"line":26,"column":23},"end":{"line":26,"column":24}},"loc":{"start":{"line":26,"column":31},"end":{"line":26,"column":51}},"line":26},"5":{"name":"(anonymous_5)","decl":{"start":{"line":29,"column":2},"end":{"line":29,"column":3}},"loc":{"start":{"line":29,"column":12},"end":{"line":31,"column":3}},"line":29},"6":{"name":"(anonymous_6)","decl":{"start":{"line":30,"column":23},"end":{"line":30,"column":24}},"loc":{"start":{"line":30,"column":31},"end":{"line":30,"column":44}},"line":30},"7":{"name":"(anonymous_7)","decl":{"start":{"line":33,"column":2},"end":{"line":33,"column":3}},"loc":{"start":{"line":33,"column":15},"end":{"line":35,"column":3}},"line":33},"8":{"name":"(anonymous_8)","decl":{"start":{"line":34,"column":23},"end":{"line":34,"column":24}},"loc":{"start":{"line":34,"column":31},"end":{"line":34,"column":45}},"line":34},"9":{"name":"(anonymous_9)","decl":{"start":{"line":37,"column":2},"end":{"line":37,"column":3}},"loc":{"start":{"line":37,"column":13},"end":{"line":41,"column":3}},"line":37},"10":{"name":"(anonymous_10)","decl":{"start":{"line":39,"column":31},"end":{"line":39,"column":32}},"loc":{"start":{"line":39,"column":39},"end":{"line":39,"column":54}},"line":39},"11":{"name":"(anonymous_11)","decl":{"start":{"line":43,"column":2},"end":{"line":43,"column":3}},"loc":{"start":{"line":43,"column":12},"end":{"line":49,"column":3}},"line":43},"12":{"name":"(anonymous_12)","decl":{"start":{"line":51,"column":2},"end":{"line":51,"column":3}},"loc":{"start":{"line":51,"column":16},"end":{"line":54,"column":3}},"line":51},"13":{"name":"(anonymous_13)","decl":{"start":{"line":56,"column":2},"end":{"line":56,"column":3}},"loc":{"start":{"line":56,"column":9},"end":{"line":58,"column":3}},"line":56},"14":{"name":"(anonymous_14)","decl":{"start":{"line":60,"column":2},"end":{"line":60,"column":3}},"loc":{"start":{"line":60,"column":10},"end":{"line":62,"column":3}},"line":60},"15":{"name":"(anonymous_15)","decl":{"start":{"line":64,"column":2},"end":{"line":64,"column":3}},"loc":{"start":{"line":64,"column":9},"end":{"line":66,"column":3}},"line":64},"16":{"name":"(anonymous_16)","decl":{"start":{"line":68,"column":2},"end":{"line":68,"column":3}},"loc":{"start":{"line":68,"column":14},"end":{"line":72,"column":3}},"line":68},"17":{"name":"(anonymous_17)","decl":{"start":{"line":74,"column":2},"end":{"line":74,"column":3}},"loc":{"start":{"line":74,"column":18},"end":{"line":77,"column":3}},"line":74},"18":{"name":"(anonymous_18)","decl":{"start":{"line":79,"column":2},"end":{"line":79,"column":3}},"loc":{"start":{"line":79,"column":20},"end":{"line":82,"column":3}},"line":79},"19":{"name":"(anonymous_19)","decl":{"start":{"line":84,"column":2},"end":{"line":84,"column":3}},"loc":{"start":{"line":84,"column":18},"end":{"line":86,"column":3}},"line":84},"20":{"name":"(anonymous_20)","decl":{"start":{"line":88,"column":2},"end":{"line":88,"column":3}},"loc":{"start":{"line":88,"column":16},"end":{"line":90,"column":3}},"line":88},"21":{"name":"(anonymous_21)","decl":{"start":{"line":89,"column":17},"end":{"line":89,"column":18}},"loc":{"start":{"line":89,"column":25},"end":{"line":89,"column":40}},"line":89},"22":{"name":"(anonymous_22)","decl":{"start":{"line":92,"column":2},"end":{"line":92,"column":3}},"loc":{"start":{"line":92,"column":18},"end":{"line":94,"column":3}},"line":92},"23":{"name":"(anonymous_23)","decl":{"start":{"line":93,"column":17},"end":{"line":93,"column":18}},"loc":{"start":{"line":93,"column":25},"end":{"line":93,"column":41}},"line":93},"24":{"name":"(anonymous_24)","decl":{"start":{"line":96,"column":2},"end":{"line":96,"column":3}},"loc":{"start":{"line":96,"column":11},"end":{"line":98,"column":3}},"line":96},"25":{"name":"(anonymous_25)","decl":{"start":{"line":97,"column":28},"end":{"line":97,"column":29}},"loc":{"start":{"line":97,"column":36},"end":{"line":97,"column":49}},"line":97},"26":{"name":"(anonymous_26)","decl":{"start":{"line":100,"column":2},"end":{"line":100,"column":3}},"loc":{"start":{"line":100,"column":12},"end":{"line":102,"column":3}},"line":100},"27":{"name":"(anonymous_27)","decl":{"start":{"line":104,"column":2},"end":{"line":104,"column":3}},"loc":{"start":{"line":104,"column":10},"end":{"line":106,"column":3}},"line":104},"28":{"name":"(anonymous_28)","decl":{"start":{"line":108,"column":2},"end":{"line":108,"column":3}},"loc":{"start":{"line":108,"column":8},"end":{"line":110,"column":3}},"line":108},"29":{"name":"(anonymous_29)","decl":{"start":{"line":112,"column":2},"end":{"line":112,"column":3}},"loc":{"start":{"line":112,"column":22},"end":{"line":116,"column":3}},"line":112}},"branchMap":{"0":{"loc":{"start":{"line":20,"column":6},"end":{"line":20,"column":50}},"type":"if","locations":[{"start":{"line":20,"column":6},"end":{"line":20,"column":50}},{"start":{},"end":{}}],"line":20},"1":{"loc":{"start":{"line":44,"column":4},"end":{"line":46,"column":5}},"type":"if","locations":[{"start":{"line":44,"column":4},"end":{"line":46,"column":5}},{"start":{},"end":{}}],"line":44},"2":{"loc":{"start":{"line":61,"column":11},"end":{"line":61,"column":54}},"type":"cond-expr","locations":[{"start":{"line":61,"column":29},"end":{"line":61,"column":38}},{"start":{"line":61,"column":41},"end":{"line":61,"column":54}}],"line":61},"3":{"loc":{"start":{"line":65,"column":11},"end":{"line":65,"column":67}},"type":"cond-expr","locations":[{"start":{"line":65,"column":29},"end":{"line":65,"column":38}},{"start":{"line":65,"column":40},"end":{"line":65,"column":67}}],"line":65},"4":{"loc":{"start":{"line":113,"column":4},"end":{"line":115,"column":5}},"type":"if","locations":[{"start":{"line":113,"column":4},"end":{"line":115,"column":5}},{"start":{},"end":{}}],"line":113}},"s":{"0":1,"1":21,"2":21,"3":3,"4":3,"5":9,"6":1,"7":1,"8":1,"9":3,"10":3,"11":1,"12":1,"13":0,"14":0,"15":0,"16":0,"17":0,"18":0,"19":6,"20":6,"21":14,"22":6,"23":59,"24":3,"25":56,"26":2,"27":1,"28":4,"29":1,"30":1,"31":13,"32":13,"33":10,"34":8,"35":7,"36":2,"37":1,"38":0,"39":2,"40":6,"41":0,"42":0,"43":1,"44":1,"45":4,"46":1,"47":1,"48":15,"49":4,"50":1},"f":{"0":21,"1":3,"2":1,"3":0,"4":0,"5":0,"6":0,"7":0,"8":0,"9":6,"10":14,"11":59,"12":2,"13":4,"14":1,"15":1,"16":13,"17":8,"18":2,"19":0,"20":2,"21":6,"22":0,"23":0,"24":1,"25":1,"26":4,"27":1,"28":1,"29":15},"b":{"0":[1,2],"1":[3,56],"2":[0,1],"3":[0,1],"4":[4,11]},"_coverageSchema":"1a1c01bbd47fc00a2c39e90264f33305004495a9","hash":"26932fd45b4b0fcbd925a4f8951022c6daf594e6"}
}
