TN:
SF:todo.js
FN:9,(anonymous_0)
FN:14,(anonymous_1)
FN:19,(anonymous_2)
FN:23,(anonymous_3)
FN:27,(anonymous_4)
FN:31,(anonymous_5)
FNF:6
FNH:5
FNDA:54,(anonymous_0)
FNDA:14,(anonymous_1)
FNDA:14,(anonymous_2)
FNDA:1,(anonymous_3)
FNDA:27,(anonymous_4)
FNDA:0,(anonymous_5)
DA:6,1
DA:7,1
DA:10,54
DA:11,54
DA:15,14
DA:16,14
DA:20,14
DA:24,1
DA:28,27
DA:32,0
DA:36,1
LF:11
LH:10
BRDA:15,0,0,7
BRDA:15,0,1,7
BRF:2
BRH:2
end_of_record
TN:
SF:todolist.js
FN:4,(anonymous_0)
FN:9,(anonymous_1)
FN:15,(anonymous_2)
FN:25,(anonymous_3)
FN:26,(anonymous_4)
FN:29,(anonymous_5)
FN:30,(anonymous_6)
FN:33,(anonymous_7)
FN:34,(anonymous_8)
FN:37,(anonymous_9)
FN:39,(anonymous_10)
FN:43,(anonymous_11)
FN:51,(anonymous_12)
FN:56,(anonymous_13)
FN:60,(anonymous_14)
FN:64,(anonymous_15)
FN:68,(anonymous_16)
FN:74,(anonymous_17)
FN:79,(anonymous_18)
FN:84,(anonymous_19)
FN:88,(anonymous_20)
FN:89,(anonymous_21)
FN:92,(anonymous_22)
FN:93,(anonymous_23)
FN:96,(anonymous_24)
FN:97,(anonymous_25)
FN:100,(anonymous_26)
FN:104,(anonymous_27)
FN:108,(anonymous_28)
FN:112,(anonymous_29)
FNF:30
FNH:21
FNDA:21,(anonymous_0)
FNDA:3,(anonymous_1)
FNDA:1,(anonymous_2)
FNDA:0,(anonymous_3)
FNDA:0,(anonymous_4)
FNDA:0,(anonymous_5)
FNDA:0,(anonymous_6)
FNDA:0,(anonymous_7)
FNDA:0,(anonymous_8)
FNDA:6,(anonymous_9)
FNDA:14,(anonymous_10)
FNDA:59,(anonymous_11)
FNDA:2,(anonymous_12)
FNDA:4,(anonymous_13)
FNDA:1,(anonymous_14)
FNDA:1,(anonymous_15)
FNDA:13,(anonymous_16)
FNDA:8,(anonymous_17)
FNDA:2,(anonymous_18)
FNDA:0,(anonymous_19)
FNDA:2,(anonymous_20)
FNDA:6,(anonymous_21)
FNDA:0,(anonymous_22)
FNDA:0,(anonymous_23)
FNDA:1,(anonymous_24)
FNDA:1,(anonymous_25)
FNDA:4,(anonymous_26)
FNDA:1,(anonymous_27)
FNDA:1,(anonymous_28)
FNDA:15,(anonymous_29)
DA:1,1
DA:5,21
DA:6,21
DA:10,3
DA:11,9
DA:16,1
DA:18,1
DA:19,3
DA:20,3
DA:22,1
DA:26,0
DA:30,0
DA:34,0
DA:38,6
DA:39,14
DA:40,6
DA:44,59
DA:45,3
DA:48,56
DA:52,2
DA:53,1
DA:57,4
DA:61,1
DA:65,1
DA:69,13
DA:70,13
DA:71,10
DA:75,8
DA:76,7
DA:80,2
DA:81,1
DA:85,0
DA:89,6
DA:93,0
DA:97,1
DA:101,4
DA:105,1
DA:109,1
DA:113,15
DA:114,4
DA:119,1
LF:41
LH:36
BRDA:20,0,0,1
BRDA:20,0,1,2
BRDA:44,1,0,3
BRDA:44,1,1,56
BRDA:61,2,0,0
BRDA:61,2,1,1
BRDA:65,3,0,0
BRDA:65,3,1,1
BRDA:113,4,0,4
BRDA:113,4,1,11
BRF:10
BRH:8
end_of_record
